=== 2026-06-29 01:00:01 开始 高一 enrich ===
=== 2026-06-29 06:00:01 结束（退出码 0）===
=== 2026-07-05 01:00:01 开始 高一 enrich ===
timeout: failed to execute process: No such file or directory (os error 2)
=== 2026-07-05 01:00:01 结束（退出码 0）===
=== 2026-07-05 05:04:31 手动触发 R.11 高一 enrich ===

============================================================
科目: math  |  模式: 正常(IS NULL)  |  年级: 高一
本次处理: 161  |  并发: 4线程
============================================================
[  50/161] ✅50 ❌0 ⏭0 | 0.2个/s | ETA 7.5min | 最新: 元素与集合的关系
[ 100/161] ✅100 ❌0 ⏭0 | 0.2个/s | ETA 4.1min | 最新: 存在量词命题的否定
[ 150/161] ✅150 ❌0 ⏭0 | 0.2个/s | ETA 0.7min | 最新: 集合元素的互异性
[ 161/161] ✅161 ❌0 ⏭0 | 0.2个/s | ETA 0.0min | 最新: 集合的基本运算

============================================================
完成！✅161  ❌0  ⏭0
耗时: 10.9分钟  |  均速: 0.2个/s
============================================================
=== 2026-07-05 05:15:28 R.11 结束（退出码 0）===
=== 2026-07-06 01:00:01 开始 高一 enrich ===

============================================================
科目: math  |  模式: 正常(IS NULL)  |  年级: 高一
本次处理: 0  |  并发: 4线程
============================================================
✅ 无待处理KU，退出。
=== 2026-07-06 01:00:01 结束（退出码 0）===
=== 2026-07-07 01:00:01 开始 高一 enrich ===

============================================================
科目: math  |  模式: 正常(IS NULL)  |  年级: 高一
本次处理: 0  |  并发: 4线程
============================================================
✅ 无待处理KU，退出。
=== 2026-07-07 01:00:02 结束（退出码 0）===
=== 2026-07-08 01:00:01 开始 高一 enrich ===

============================================================
科目: math  |  模式: 正常(IS NULL)  |  年级: 高一
本次处理: 0  |  并发: 4线程
============================================================
✅ 无待处理KU，退出。
=== 2026-07-08 01:00:02 结束（退出码 0）===
